#
# A fatal error has been detected by the Java Runtime Environment:
#
#  EXCEPTION_ACCESS_VIOLATION (0xc0000005) at pc=0x00007ffdc1b4cbe1, pid=18588, tid=18844
#
# JRE version: OpenJDK Runtime Environment (17.0.9) (build 17.0.9+0--11185874)
# Java VM: OpenJDK 64-Bit Server VM (17.0.9+0--11185874, mixed mode, tiered, compressed oops, compressed class ptrs, g1 gc, windows-amd64)
# Problematic frame:
# V  [jvm.dll+0xcbe1]
#
# No core dump will be written. Minidumps are not enabled by default on client versions of Windows
#
# If you would like to submit a bug report, please visit:
#   https://bugreport.java.com/bugreport/crash.jsp
#

---------------  S U M M A R Y ------------

Command Line: org.jetbrains.kotlin.cli.jvm.K2JVMCompiler @E:\Locker\Source\LockDEV\app\build\20240928_16961512077649102939.compiler.options

Host: Intel(R) Core(TM) i9-9900 CPU @ 3.10GHz, 16 cores, 15G,  Windows 10 , 64 bit Build 19041 (10.0.19041.4842)
Time: Sat Sep 28 09:33:40 2024 SE Asia Standard Time elapsed time: 0.718140 seconds (0d 0h 0m 0s)

---------------  T H R E A D  ---------------

Current thread (0x00000219e138e120):  GCTaskThread "GC Thread#5" [stack: 0x000000ae5ad00000,0x000000ae5ae00000] [id=18844]

Stack: [0x000000ae5ad00000,0x000000ae5ae00000],  sp=0x000000ae5adff498,  free space=1021k
Native frames: (J=compiled Java code, j=interpreted, Vv=VM code, C=native code)
V  [jvm.dll+0xcbe1]


siginfo: EXCEPTION_ACCESS_VIOLATION (0xc0000005), reading address 0x0000000000000100


Registers:
RAX=0x0000000000000000, RBX=0x0000000000000001, RCX=0x0000000800000009, RDX=0x000000070e21ec90
RSP=0x000000ae5adff498, RBP=0x0000000800000009, RSI=0x00000219e1cbeec0, RDI=0x00000219e1cbeec0
R8 =0x0000000000000000, R9 =0x0000000800000009, R10=0x000000070e21ec90, R11=0x0000000000000001
R12=0x0000000000000003, R13=0x000000ae5adff6a0, R14=0x0000000000000000, R15=0x000000070e21ec90
RIP=0x00007ffdc1b4cbe1, EFLAGS=0x0000000000010246


Register to memory mapping:

RIP=0x00007ffdc1b4cbe1 jvm.dll
RAX=0x0 is NULL
RBX=0x0000000000000001 is an unknown value
RCX=0x0000000800000009 is pointing into metadata
RDX=0x000000070e21ec90 is pointing into object: java.util.LinkedHashMap$LinkedValues 
{0x000000070e21ec88} - klass: 'java/util/LinkedHashMap$LinkedValues'
 - ---- fields (total size 2 words):
 - final synthetic 'this$0' 'Ljava/util/LinkedHashMap;' @12  a 'java/util/LinkedHashMap'{0x000000070e21ec50} (e1c43d8a)
RSP=0x000000ae5adff498 points into unknown readable memory: 0x00007ffdc1e4eabc | bc ea e4 c1 fd 7f 00 00
RBP=0x0000000800000009 is pointing into metadata
RSI=0x00000219e1cbeec0 points into unknown readable memory: 0x00007ffdc24a7c48 | 48 7c 4a c2 fd 7f 00 00
RDI=0x00000219e1cbeec0 points into unknown readable memory: 0x00007ffdc24a7c48 | 48 7c 4a c2 fd 7f 00 00
R8 =0x0 is NULL
R9 =0x0000000800000009 is pointing into metadata
R10=0x000000070e21ec90 is pointing into object: java.util.LinkedHashMap$LinkedValues 
{0x000000070e21ec88} - klass: 'java/util/LinkedHashMap$LinkedValues'
 - ---- fields (total size 2 words):
 - final synthetic 'this$0' 'Ljava/util/LinkedHashMap;' @12  a 'java/util/LinkedHashMap'{0x000000070e21ec50} (e1c43d8a)
R11=0x0000000000000001 is an unknown value
R12=0x0000000000000003 is an unknown value
R13=0x000000ae5adff6a0 points into unknown readable memory: 0x00007ffdc24a13e8 | e8 13 4a c2 fd 7f 00 00
R14=0x0 is NULL
R15=0x000000070e21ec90 is pointing into object: java.util.LinkedHashMap$LinkedValues 
{0x000000070e21ec88} - klass: 'java/util/LinkedHashMap$LinkedValues'
 - ---- fields (total size 2 words):
 - final synthetic 'this$0' 'Ljava/util/LinkedHashMap;' @12  a 'java/util/LinkedHashMap'{0x000000070e21ec50} (e1c43d8a)


Top of Stack: (sp=0x000000ae5adff498)
0x000000ae5adff498:   00007ffdc1e4eabc 0000000000000000
0x000000ae5adff4a8:   0000000000000002 0000000800063530
0x000000ae5adff4b8:   00000219e1cbf040 0000000710431970
0x000000ae5adff4c8:   00007ffdc1e4d379 0000000000000009
0x000000ae5adff4d8:   00000219dc728980 00000219e1cbeec0
0x000000ae5adff4e8:   00007ffdc1e4ee67 00000219e1cbf040
0x000000ae5adff4f8:   0000000000000000 0000000000000000
0x000000ae5adff508:   000000ae5adff6a0 0000000000000003
0x000000ae5adff518:   00000219e1cbeec0 0000000710440b04
0x000000ae5adff528:   0000000000000105 0000000710440b05
0x000000ae5adff538:   00007ffdc1e4fb42 000000070e5d0000
0x000000ae5adff548:   0000000000000001 0000000000000010
0x000000ae5adff558:   e1c43d8a000a9828 0000000000000002
0x000000ae5adff568:   00000219e1cbeec0 000000ae598fe800
0x000000ae5adff578:   0000000710600030 00000219bd3f5260
0x000000ae5adff588:   00007ffdc1e4f6f8 000003cf000000bd
0x000000ae5adff598:   00000219e1cbeec0 0000000000000018
0x000000ae5adff5a8:   0000000000000011 000000ae5adff620
0x000000ae5adff5b8:   00007ffdc1e21f44 0000000710600031
0x000000ae5adff5c8:   00007ffdc24a55d8 000000ae598fe800
0x000000ae5adff5d8:   0000000000000000 0000000000000006
0x000000ae5adff5e8:   00007ffdc1e443d7 0000000000000000
0x000000ae5adff5f8:   0000000000000000 000000ae00000000
0x000000ae5adff608:   00007ffdc233ee6e 0000000000000000
0x000000ae5adff618:   0000000000000000 00000219dcc18a80
0x000000ae5adff628:   00000219e130ba80 00000000000003d8
0x000000ae5adff638:   00000219dcc18e68 000000ae598fe8c0
0x000000ae5adff648:   0000000000000013 0000000000000005
0x000000ae5adff658:   00007ffdc1e226ea 0000000000000003
0x000000ae5adff668:   00000219e1cbeec0 00000219e1cbeec0
0x000000ae5adff678:   0000000000000000 00007ffdc24a8d10
0x000000ae5adff688:   0000000500000001 00000000006ca77d 

Instructions: (pc=0x00007ffdc1b4cbe1)
0x00007ffdc1b4cae1:   41 f6 c2 01 75 53 41 c1 fa 03 41 8b c2 c3 79 49
0x00007ffdc1b4caf1:   84 c0 b9 10 00 00 00 8b 05 46 b7 b1 00 41 b8 0c
0x00007ffdc1b4cb01:   00 00 00 41 0f 45 c8 ff c8 4c 63 c8 48 63 14 11
0x00007ffdc1b4cb11:   41 8b ca 83 e1 3f 48 d3 e2 41 8b ca 48 c1 f9 10
0x00007ffdc1b4cb21:   0f b6 c1 49 8d 0c 11 49 f7 d1 48 03 c1 49 c1 e9
0x00007ffdc1b4cb31:   03 48 c1 e8 03 41 23 c1 c3 49 8b 00 49 8b c8 48
0x00007ffdc1b4cb41:   ff a0 00 01 00 00 cc cc cc cc cc cc cc cc cc 8b
0x00007ffdc1b4cb51:   44 24 30 45 03 c9 44 2b 4c 24 28 83 c0 0b 44 03
0x00007ffdc1b4cb61:   ca 45 03 c8 41 03 c1 c3 cc cc cc cc cc cc cc 4c
0x00007ffdc1b4cb71:   8b ca 48 8b d1 45 8b 41 08 45 85 c0 7e 0e 41 f6
0x00007ffdc1b4cb81:   c0 01 75 56 41 c1 f8 03 41 8b c0 c3 79 4c 80 3d
0x00007ffdc1b4cb91:   08 6c b8 00 00 b8 0c 00 00 00 b9 10 00 00 00 0f
0x00007ffdc1b4cba1:   45 c8 8b 05 9b b6 b1 00 ff c8 4c 63 c8 48 63 14
0x00007ffdc1b4cbb1:   11 41 8b c8 83 e1 3f 48 d3 e2 41 8b c8 48 c1 f9
0x00007ffdc1b4cbc1:   10 0f b6 c1 49 8d 0c 11 49 f7 d1 48 03 c1 49 c1
0x00007ffdc1b4cbd1:   e9 03 48 c1 e8 03 41 23 c1 c3 49 8b 01 49 8b c9
0x00007ffdc1b4cbe1:   48 ff a0 00 01 00 00 cc cc cc cc cc cc cc cc 48
0x00007ffdc1b4cbf1:   8b 41 08 0f b7 48 2a 0f b7 40 28 83 c0 48 03 c1
0x00007ffdc1b4cc01:   c3 cc cc cc cc cc cc cc cc cc cc cc cc cc cc 48
0x00007ffdc1b4cc11:   89 5c 24 08 57 48 83 ec 20 0f b6 05 cf 4d bd 00
0x00007ffdc1b4cc21:   48 8b fa 48 8b d9 84 c0 74 4f 48 85 15 d6 45 bd
0x00007ffdc1b4cc31:   00 74 38 48 8b ca e8 94 6f 86 00 48 8b d0 48 85
0x00007ffdc1b4cc41:   db 74 25 48 85 c0 74 20 48 8b c7 f0 48 0f b1 13
0x00007ffdc1b4cc51:   74 16 48 85 05 ae 45 bd 00 74 0d 48 8b c8 f0 48
0x00007ffdc1b4cc61:   0f b1 13 48 3b c1 75 ea 48 8b fa 48 8b c7 48 8b
0x00007ffdc1b4cc71:   5c 24 30 48 83 c4 20 5f c3 48 85 3d 8f 45 bd 00
0x00007ffdc1b4cc81:   75 33 48 85 ff 75 0f 33 d2 8b c2 48 8b 5c 24 30
0x00007ffdc1b4cc91:   48 83 c4 20 5f c3 48 8b 15 82 45 bd 00 48 23 d7
0x00007ffdc1b4cca1:   48 0b 15 58 45 bd 00 48 8b c2 48 8b 5c 24 30 48
0x00007ffdc1b4ccb1:   83 c4 20 5f c3 48 8b cf e8 22 6e 86 00 48 8b d0
0x00007ffdc1b4ccc1:   48 85 db 74 40 48 85 c0 74 3b 4c 8b 05 4e 45 bd
0x00007ffdc1b4ccd1:   00 4c 23 c0 4c 0b 05 7c 45 bd 00 74 28 48 8b c7 


Stack slot to memory mapping:
stack at sp + 0 slots: 0x00007ffdc1e4eabc jvm.dll
stack at sp + 1 slots: 0x0 is NULL
stack at sp + 2 slots: 0x0000000000000002 is an unknown value
stack at sp + 3 slots: 0x0000000800063530 is a pointer to class: 
java.util.LinkedHashMap$Entry {0x0000000800063538}
 - instance size:     5
 - klass size:        77
 - access:            synchronized 
 - state:             fully_initialized
 - name:              'java/util/LinkedHashMap$Entry'
 - super:             'java/util/HashMap$Node'
 - sub:               'java/util/HashMap$TreeNode'   
 - arrays:            NULL
 - methods:           Array<T>(0x00000219dd1aeea8)
 - method ordering:   Array<T>(0x00000219dd000018)
 - default_methods:   Array<T>(0x0000000000000000)
 - local interfaces:  Array<T>(0x00000219dd000058)
 - trans. interfaces: Array<T>(0x00000219dd1ab9d0)
 - constants:         constant pool [41] {0x00000219dd1aecd0} for 'java/util/LinkedHashMap$Entry' cache=0x00000219dd430b80
 - class loader data:  loader data: 0x00000219dc7604b0 of 'bootstrap'
 - source file:       'LinkedHashMap.java'
 - class annotations:       Array<T>(0x0000000000000000)
 - class type annotations:  Array<T>(0x0000000000000000)
 - field annotations:       Array<T>(0x0000000000000000)
 - field type annotations:  Array<T>(0x0000000000000000)
 - generic signature: '<K:Ljava/lang/Object;V:Ljava/lang/Object;>Ljava/util/HashMap$Node<TK;TV;>;'
 - inner classes:     Array<T>(0x00000219dd1aefa0)
 - nest members:     Array<T>(0x00000219dd000028)
 - permitted subclasses:     Array<T>(0x00000219dd000028)
 - java mirror:       a 'java/lang/Class'{0x000000071022b998} = 'java/util/LinkedHashMap$Entry'
 - vtable length      5  (start addr: 0x0000000800063720)
 - itable length      9 (start addr: 0x0000000800063748)
 - ---- static fields (0 words):
 - ---- non-static fields (6 words):
 - final 'hash' 'I' @12 
 - final 'key' 'Ljava/lang/Object;' @16 
 - 'value' 'Ljava/lang/Object;' @20 
 - 'next' 'Ljava/util/HashMap$Node;' @24 
 - 'before' 'Ljava/util/LinkedHashMap$Entry;' @28 
 - 'after' 'Ljava/util/LinkedHashMap$Entry;' @32 
 - non-static oop maps: 16-32 
stack at sp + 4 slots: 0x00000219e1cbf040 points into unknown readable memory: 0x00007ffdc24a7c00 | 00 7c 4a c2 fd 7f 00 00
stack at sp + 5 slots: 0x0000000710431970 is pointing into object: [Ljava.lang.reflect.Method; 
{0x0000000710431688} - klass: 'java/lang/reflect/Method'[]
 - length: 233
stack at sp + 6 slots: 0x00007ffdc1e4d379 jvm.dll
stack at sp + 7 slots: 0x0000000000000009 is an unknown value


---------------  P R O C E S S  ---------------

Threads class SMR info:
_java_thread_list=0x00000219e13f96c0, length=17, elements={
0x00000219bd3dd610, 0x00000219dca212e0, 0x00000219dca22160, 0x00000219dca6aa30,
0x00000219dca6c600, 0x00000219dca6efd0, 0x00000219dca6f990, 0x00000219dca70680,
0x00000219dca72090, 0x00000219dca86420, 0x00000219dcbcf700, 0x00000219dcbd9c50,
0x00000219dcbfe570, 0x00000219dcbfdb50, 0x00000219dcc69de0, 0x00000219e1252e20,
0x00000219e1548e90
}

Java Threads: ( => current thread )
  0x00000219bd3dd610 JavaThread "main" [_thread_blocked, id=18720, stack(0x000000ae59200000,0x000000ae59300000)]
  0x00000219dca212e0 JavaThread "Reference Handler" daemon [_thread_blocked, id=18764, stack(0x000000ae59900000,0x000000ae59a00000)]
  0x00000219dca22160 JavaThread "Finalizer" daemon [_thread_blocked, id=18768, stack(0x000000ae59a00000,0x000000ae59b00000)]
  0x00000219dca6aa30 JavaThread "Signal Dispatcher" daemon [_thread_blocked, id=18772, stack(0x000000ae59b00000,0x000000ae59c00000)]
  0x00000219dca6c600 JavaThread "Attach Listener" daemon [_thread_blocked, id=18776, stack(0x000000ae59c00000,0x000000ae59d00000)]
  0x00000219dca6efd0 JavaThread "Service Thread" daemon [_thread_blocked, id=18780, stack(0x000000ae59d00000,0x000000ae59e00000)]
  0x00000219dca6f990 JavaThread "Monitor Deflation Thread" daemon [_thread_blocked, id=18784, stack(0x000000ae59e00000,0x000000ae59f00000)]
  0x00000219dca70680 JavaThread "C2 CompilerThread0" daemon [_thread_blocked, id=18788, stack(0x000000ae59f00000,0x000000ae5a000000)]
  0x00000219dca72090 JavaThread "C1 CompilerThread0" daemon [_thread_blocked, id=18792, stack(0x000000ae5a000000,0x000000ae5a100000)]
  0x00000219dca86420 JavaThread "Sweeper thread" daemon [_thread_blocked, id=18796, stack(0x000000ae5a100000,0x000000ae5a200000)]
  0x00000219dcbcf700 JavaThread "C1 CompilerThread1" daemon [_thread_blocked, id=18800, stack(0x000000ae5a200000,0x000000ae5a300000)]
  0x00000219dcbd9c50 JavaThread "C1 CompilerThread2" daemon [_thread_blocked, id=18804, stack(0x000000ae5a300000,0x000000ae5a400000)]
  0x00000219dcbfe570 JavaThread "Notification Thread" daemon [_thread_blocked, id=18808, stack(0x000000ae5a400000,0x000000ae5a500000)]
  0x00000219dcbfdb50 JavaThread "Common-Cleaner" daemon [_thread_blocked, id=18816, stack(0x000000ae5a600000,0x000000ae5a700000)]
  0x00000219dcc69de0 JavaThread "C2 CompilerThread1" daemon [_thread_blocked, id=18820, stack(0x000000ae5a700000,0x000000ae5a800000)]
  0x00000219e1252e20 JavaThread "C1 CompilerThread3" daemon [_thread_blocked, id=18824, stack(0x000000ae5a800000,0x000000ae5a900000)]
  0x00000219e1548e90 JavaThread "C2 CompilerThread2" daemon [_thread_blocked, id=18848, stack(0x000000ae5ae00000,0x000000ae5af00000)]

Other Threads:
  0x00000219dca1a5b0 VMThread "VM Thread" [stack: 0x000000ae59800000,0x000000ae59900000] [id=18760]
  0x00000219dcc0bf90 WatcherThread [stack: 0x000000ae5a500000,0x000000ae5a600000] [id=18812]
  0x00000219bd44a930 GCTaskThread "GC Thread#0" [stack: 0x000000ae59300000,0x000000ae59400000] [id=18740]
  0x00000219e138ca10 GCTaskThread "GC Thread#1" [stack: 0x000000ae5a900000,0x000000ae5aa00000] [id=18828]
  0x00000219e138ccd0 GCTaskThread "GC Thread#2" [stack: 0x000000ae5aa00000,0x000000ae5ab00000] [id=18832]
  0x00000219e138dba0 GCTaskThread "GC Thread#3" [stack: 0x000000ae5ab00000,0x000000ae5ac00000] [id=18836]
  0x00000219e138de60 GCTaskThread "GC Thread#4" [stack: 0x000000ae5ac00000,0x000000ae5ad00000] [id=18840]
=>0x00000219e138e120 GCTaskThread "GC Thread#5" [stack: 0x000000ae5ad00000,0x000000ae5ae00000] [id=18844]
  0x00000219e1d92ce0 GCTaskThread "GC Thread#6" [stack: 0x000000ae5af00000,0x000000ae5b000000] [id=18856]
  0x00000219e241fa50 GCTaskThread "GC Thread#7" [stack: 0x000000ae5b000000,0x000000ae5b100000] [id=18860]
  0x00000219e1e5d620 GCTaskThread "GC Thread#8" [stack: 0x000000ae5b100000,0x000000ae5b200000] [id=18864]
  0x00000219bd45b780 ConcurrentGCThread "G1 Main Marker" [stack: 0x000000ae59400000,0x000000ae59500000] [id=18744]
  0x00000219bd45c940 ConcurrentGCThread "G1 Conc#0" [stack: 0x000000ae59500000,0x000000ae59600000] [id=18748]
  0x00000219dc74a1e0 ConcurrentGCThread "G1 Refine#0" [stack: 0x000000ae59600000,0x000000ae59700000] [id=18752]
  0x00000219dc74aa20 ConcurrentGCThread "G1 Service" [stack: 0x000000ae59700000,0x000000ae59800000] [id=18756]

Threads with active compile tasks:

VM state: at safepoint (normal execution)

VM Mutex/Monitor currently owned by a thread:  ([mutex/lock_event])
[0x00000219bd3d95e0] Threads_lock - owner thread: 0x00000219dca1a5b0
[0x00000219bd3d9c10] Heap_lock - owner thread: 0x00000219bd3dd610

Heap address: 0x0000000701000000, size: 4080 MB, Compressed Oops mode: Zero based, Oop shift amount: 3

CDS archive(s) not mapped
Compressed class space mapped at: 0x0000000800000000-0x0000000840000000, reserved size: 1073741824
Narrow klass base: 0x0000000800000000, Narrow klass shift: 0, Narrow klass range: 0x40000000

GC Precious Log:
 CPUs: 16 total, 16 available
 Memory: 16316M
 Large Page Support: Disabled
 NUMA Support: Disabled
 Compressed Oops: Enabled (Zero based)
 Heap Region Size: 2M
 Heap Min Capacity: 8M
 Heap Initial Capacity: 256M
 Heap Max Capacity: 4080M
 Pre-touch: Disabled
 Parallel Workers: 13
 Concurrent Workers: 3
 Concurrent Refinement Workers: 13
 Periodic GC: Disabled

Heap:
 garbage-first heap   total 262144K, used 16258K [0x0000000701000000, 0x0000000800000000)
  region size 2048K, 7 young (14336K), 3 survivors (6144K)
 Metaspace       used 21387K, committed 21504K, reserved 1114112K
  class space    used 2353K, committed 2432K, reserved 1048576K

Heap Regions: E=young(eden), S=young(survivor), O=old, HS=humongous(starts), HC=humongous(continues), CS=collection set, F=free, OA=open archive, CA=closed archive, TAMS=top-at-mark-start (previous, next)
|   0|0x0000000701000000, 0x0000000701200000, 0x0000000701200000|100%|HS|  |TAMS 0x0000000701000000, 0x0000000701200000| Complete 
|   1|0x0000000701200000, 0x0000000701400000, 0x0000000701400000|100%|HC|  |TAMS 0x0000000701200000, 0x0000000701400000| Complete 
|   2|0x0000000701400000, 0x0000000701400000, 0x0000000701600000|  0%| F|  |TAMS 0x0000000701400000, 0x0000000701400000| Untracked 
|   3|0x0000000701600000, 0x0000000701600000, 0x0000000701800000|  0%| F|  |TAMS 0x0000000701600000, 0x0000000701600000| Untracked 
|   4|0x0000000701800000, 0x0000000701800000, 0x0000000701a00000|  0%| F|  |TAMS 0x0000000701800000, 0x0000000701800000| Untracked 
|   5|0x0000000701a00000, 0x0000000701a00000, 0x0000000701c00000|  0%| F|  |TAMS 0x0000000701a00000, 0x0000000701a00000| Untracked 
|   6|0x0000000701c00000, 0x0000000701c00000, 0x0000000701e00000|  0%| F|  |TAMS 0x0000000701c00000, 0x0000000701c00000| Untracked 
|   7|0x0000000701e00000, 0x0000000701e00000, 0x0000000702000000|  0%| F|  |TAMS 0x0000000701e00000, 0x0000000701e00000| Untracked 
|   8|0x0000000702000000, 0x0000000702000000, 0x0000000702200000|  0%| F|  |TAMS 0x0000000702000000, 0x0000000702000000| Untracked 
|   9|0x0000000702200000, 0x0000000702200000, 0x0000000702400000|  0%| F|  |TAMS 0x0000000702200000, 0x0000000702200000| Untracked 
|  10|0x0000000702400000, 0x0000000702400000, 0x0000000702600000|  0%| F|  |TAMS 0x0000000702400000, 0x0000000702400000| Untracked 
|  11|0x0000000702600000, 0x0000000702600000, 0x0000000702800000|  0%| F|  |TAMS 0x0000000702600000, 0x0000000702600000| Untracked 
|  12|0x0000000702800000, 0x0000000702800000, 0x0000000702a00000|  0%| F|  |TAMS 0x0000000702800000, 0x0000000702800000| Untracked 
|  13|0x0000000702a00000, 0x0000000702a00000, 0x0000000702c00000|  0%| F|  |TAMS 0x0000000702a00000, 0x0000000702a00000| Untracked 
|  14|0x0000000702c00000, 0x0000000702c00000, 0x0000000702e00000|  0%| F|  |TAMS 0x0000000702c00000, 0x0000000702c00000| Untracked 
|  15|0x0000000702e00000, 0x0000000702e00000, 0x0000000703000000|  0%| F|  |TAMS 0x0000000702e00000, 0x0000000702e00000| Untracked 
|  16|0x0000000703000000, 0x0000000703000000, 0x0000000703200000|  0%| F|  |TAMS 0x0000000703000000, 0x0000000703000000| Untracked 
|  17|0x0000000703200000, 0x0000000703200000, 0x0000000703400000|  0%| F|  |TAMS 0x0000000703200000, 0x0000000703200000| Untracked 
|  18|0x0000000703400000, 0x0000000703400000, 0x0000000703600000|  0%| F|  |TAMS 0x0000000703400000, 0x0000000703400000| Untracked 
|  19|0x0000000703600000, 0x0000000703600000, 0x0000000703800000|  0%| F|  |TAMS 0x0000000703600000, 0x0000000703600000| Untracked 
|  20|0x0000000703800000, 0x0000000703800000, 0x0000000703a00000|  0%| F|  |TAMS 0x0000000703800000, 0x0000000703800000| Untracked 
|  21|0x0000000703a00000, 0x0000000703a00000, 0x0000000703c00000|  0%| F|  |TAMS 0x0000000703a00000, 0x0000000703a00000| Untracked 
|  22|0x0000000703c00000, 0x0000000703c00000, 0x0000000703e00000|  0%| F|  |TAMS 0x0000000703c00000, 0x0000000703c00000| Untracked 
|  23|0x0000000703e00000, 0x0000000703e00000, 0x0000000704000000|  0%| F|  |TAMS 0x0000000703e00000, 0x0000000703e00000| Untracked 
|  24|0x0000000704000000, 0x0000000704000000, 0x0000000704200000|  0%| F|  |TAMS 0x0000000704000000, 0x0000000704000000| Untracked 
|  25|0x0000000704200000, 0x0000000704200000, 0x0000000704400000|  0%| F|  |TAMS 0x0000000704200000, 0x0000000704200000| Untracked 
|  26|0x0000000704400000, 0x0000000704400000, 0x0000000704600000|  0%| F|  |TAMS 0x0000000704400000, 0x0000000704400000| Untracked 
|  27|0x0000000704600000, 0x0000000704600000, 0x0000000704800000|  0%| F|  |TAMS 0x0000000704600000, 0x0000000704600000| Untracked 
|  28|0x0000000704800000, 0x0000000704800000, 0x0000000704a00000|  0%| F|  |TAMS 0x0000000704800000, 0x0000000704800000| Untracked 
|  29|0x0000000704a00000, 0x0000000704a00000, 0x0000000704c00000|  0%| F|  |TAMS 0x0000000704a00000, 0x0000000704a00000| Untracked 
|  30|0x0000000704c00000, 0x0000000704c00000, 0x0000000704e00000|  0%| F|  |TAMS 0x0000000704c00000, 0x0000000704c00000| Untracked 
|  31|0x0000000704e00000, 0x0000000704e00000, 0x0000000705000000|  0%| F|  |TAMS 0x0000000704e00000, 0x0000000704e00000| Untracked 
|  32|0x0000000705000000, 0x0000000705000000, 0x0000000705200000|  0%| F|  |TAMS 0x0000000705000000, 0x0000000705000000| Untracked 
|  33|0x0000000705200000, 0x0000000705200000, 0x0000000705400000|  0%| F|  |TAMS 0x0000000705200000, 0x0000000705200000| Untracked 
|  34|0x0000000705400000, 0x0000000705400000, 0x0000000705600000|  0%| F|  |TAMS 0x0000000705400000, 0x0000000705400000| Untracked 
|  35|0x0000000705600000, 0x0000000705600000, 0x0000000705800000|  0%| F|  |TAMS 0x0000000705600000, 0x0000000705600000| Untracked 
|  36|0x0000000705800000, 0x0000000705800000, 0x0000000705a00000|  0%| F|  |TAMS 0x0000000705800000, 0x0000000705800000| Untracked 
|  37|0x0000000705a00000, 0x0000000705a00000, 0x0000000705c00000|  0%| F|  |TAMS 0x0000000705a00000, 0x0000000705a00000| Untracked 
|  38|0x0000000705c00000, 0x0000000705c00000, 0x0000000705e00000|  0%| F|  |TAMS 0x0000000705c00000, 0x0000000705c00000| Untracked 
|  39|0x0000000705e00000, 0x0000000705e00000, 0x0000000706000000|  0%| F|  |TAMS 0x0000000705e00000, 0x0000000705e00000| Untracked 
|  40|0x0000000706000000, 0x0000000706000000, 0x0000000706200000|  0%| F|  |TAMS 0x0000000706000000, 0x0000000706000000| Untracked 
|  41|0x0000000706200000, 0x0000000706200000, 0x0000000706400000|  0%| F|  |TAMS 0x0000000706200000, 0x0000000706200000| Untracked 
|  42|0x0000000706400000, 0x0000000706400000, 0x0000000706600000|  0%| F|  |TAMS 0x0000000706400000, 0x0000000706400000| Untracked 
|  43|0x0000000706600000, 0x0000000706600000, 0x0000000706800000|  0%| F|  |TAMS 0x0000000706600000, 0x0000000706600000| Untracked 
|  44|0x0000000706800000, 0x0000000706800000, 0x0000000706a00000|  0%| F|  |TAMS 0x0000000706800000, 0x0000000706800000| Untracked 
|  45|0x0000000706a00000, 0x0000000706a00000, 0x0000000706c00000|  0%| F|  |TAMS 0x0000000706a00000, 0x0000000706a00000| Untracked 
|  46|0x0000000706c00000, 0x0000000706c00000, 0x0000000706e00000|  0%| F|  |TAMS 0x0000000706c00000, 0x0000000706c00000| Untracked 
|  47|0x0000000706e00000, 0x0000000706e00000, 0x0000000707000000|  0%| F|  |TAMS 0x0000000706e00000, 0x0000000706e00000| Untracked 
|  48|0x0000000707000000, 0x0000000707000000, 0x0000000707200000|  0%| F|  |TAMS 0x0000000707000000, 0x0000000707000000| Untracked 
|  49|0x0000000707200000, 0x0000000707200000, 0x0000000707400000|  0%| F|  |TAMS 0x0000000707200000, 0x0000000707200000| Untracked 
|  50|0x0000000707400000, 0x0000000707400000, 0x0000000707600000|  0%| F|  |TAMS 0x0000000707400000, 0x0000000707400000| Untracked 
|  51|0x0000000707600000, 0x0000000707600000, 0x0000000707800000|  0%| F|  |TAMS 0x0000000707600000, 0x0000000707600000| Untracked 
|  52|0x0000000707800000, 0x0000000707800000, 0x0000000707a00000|  0%| F|  |TAMS 0x0000000707800000, 0x0000000707800000| Untracked 
|  53|0x0000000707a00000, 0x0000000707a00000, 0x0000000707c00000|  0%| F|  |TAMS 0x0000000707a00000, 0x0000000707a00000| Untracked 
|  54|0x0000000707c00000, 0x0000000707c00000, 0x0000000707e00000|  0%| F|  |TAMS 0x0000000707c00000, 0x0000000707c00000| Untracked 
|  55|0x0000000707e00000, 0x0000000707e00000, 0x0000000708000000|  0%| F|  |TAMS 0x0000000707e00000, 0x0000000707e00000| Untracked 
|  56|0x0000000708000000, 0x0000000708000000, 0x0000000708200000|  0%| F|  |TAMS 0x0000000708000000, 0x0000000708000000| Untracked 
|  57|0x0000000708200000, 0x0000000708200000, 0x0000000708400000|  0%| F|  |TAMS 0x0000000708200000, 0x0000000708200000| Untracked 
|  58|0x0000000708400000, 0x0000000708400000, 0x0000000708600000|  0%| F|  |TAMS 0x0000000708400000, 0x0000000708400000| Untracked 
|  59|0x0000000708600000, 0x0000000708600000, 0x0000000708800000|  0%| F|  |TAMS 0x0000000708600000, 0x0000000708600000| Untracked 
|  60|0x0000000708800000, 0x0000000708800000, 0x0000000708a00000|  0%| F|  |TAMS 0x0000000708800000, 0x0000000708800000| Untracked 
|  61|0x0000000708a00000, 0x0000000708a00000, 0x0000000708c00000|  0%| F|  |TAMS 0x0000000708a00000, 0x0000000708a00000| Untracked 
|  62|0x0000000708c00000, 0x0000000708c00000, 0x0000000708e00000|  0%| F|  |TAMS 0x0000000708c00000, 0x0000000708c00000| Untracked 
|  63|0x0000000708e00000, 0x0000000708e00000, 0x0000000709000000|  0%| F|  |TAMS 0x0000000708e00000, 0x0000000708e00000| Untracked 
|  64|0x0000000709000000, 0x0000000709000000, 0x0000000709200000|  0%| F|  |TAMS 0x0000000709000000, 0x0000000709000000| Untracked 
|  65|0x0000000709200000, 0x0000000709200000, 0x0000000709400000|  0%| F|  |TAMS 0x0000000709200000, 0x0000000709200000| Untracked 
|  66|0x0000000709400000, 0x0000000709400000, 0x0000000709600000|  0%| F|  |TAMS 0x0000000709400000, 0x0000000709400000| Untracked 
|  67|0x0000000709600000, 0x0000000709600000, 0x0000000709800000|  0%| F|  |TAMS 0x0000000709600000, 0x0000000709600000| Untracked 
|  68|0x0000000709800000, 0x0000000709800000, 0x0000000709a00000|  0%| F|  |TAMS 0x0000000709800000, 0x0000000709800000| Untracked 
|  69|0x0000000709a00000, 0x0000000709a00000, 0x0000000709c00000|  0%| F|  |TAMS 0x0000000709a00000, 0x0000000709a00000| Untracked 
|  70|0x0000000709c00000, 0x0000000709c00000, 0x0000000709e00000|  0%| F|  |TAMS 0x0000000709c00000, 0x0000000709c00000| Untracked 
|  71|0x0000000709e00000, 0x0000000709e00000, 0x000000070a000000|  0%| F|  |TAMS 0x0000000709e00000, 0x0000000709e00000| Untracked 
|  72|0x000000070a000000, 0x000000070a000000, 0x000000070a200000|  0%| F|  |TAMS 0x000000070a000000, 0x000000070a000000| Untracked 
|  73|0x000000070a200000, 0x000000070a200000, 0x000000070a400000|  0%| F|  |TAMS 0x000000070a200000, 0x000000070a200000| Untracked 
|  74|0x000000070a400000, 0x000000070a400000, 0x000000070a600000|  0%| F|  |TAMS 0x000000070a400000, 0x000000070a400000| Untracked 
|  75|0x000000070a600000, 0x000000070a600000, 0x000000070a800000|  0%| F|  |TAMS 0x000000070a600000, 0x000000070a600000| Untracked 
|  76|0x000000070a800000, 0x000000070a800000, 0x000000070aa00000|  0%| F|  |TAMS 0x000000070a800000, 0x000000070a800000| Untracked 
|  77|0x000000070aa00000, 0x000000070aa00000, 0x000000070ac00000|  0%| F|  |TAMS 0x000000070aa00000, 0x000000070aa00000| Untracked 
|  78|0x000000070ac00000, 0x000000070ac00000, 0x000000070ae00000|  0%| F|  |TAMS 0x000000070ac00000, 0x000000070ac00000| Untracked 
|  79|0x000000070ae00000, 0x000000070ae00000, 0x000000070b000000|  0%| F|  |TAMS 0x000000070ae00000, 0x000000070ae00000| Untracked 
|  80|0x000000070b000000, 0x000000070b000000, 0x000000070b200000|  0%| F|  |TAMS 0x000000070b000000, 0x000000070b000000| Untracked 
|  81|0x000000070b200000, 0x000000070b200000, 0x000000070b400000|  0%| F|  |TAMS 0x000000070b200000, 0x000000070b200000| Untracked 
|  82|0x000000070b400000, 0x000000070b400000, 0x000000070b600000|  0%| F|  |TAMS 0x000000070b400000, 0x000000070b400000| Untracked 
|  83|0x000000070b600000, 0x000000070b600000, 0x000000070b800000|  0%| F|  |TAMS 0x000000070b600000, 0x000000070b600000| Untracked 
|  84|0x000000070b800000, 0x000000070b800000, 0x000000070ba00000|  0%| F|  |TAMS 0x000000070b800000, 0x000000070b800000| Untracked 
|  85|0x000000070ba00000, 0x000000070ba00000, 0x000000070bc00000|  0%| F|  |TAMS 0x000000070ba00000, 0x000000070ba00000| Untracked 
|  86|0x000000070bc00000, 0x000000070bc00000, 0x000000070be00000|  0%| F|  |TAMS 0x000000070bc00000, 0x000000070bc00000| Untracked 
|  87|0x000000070be00000, 0x000000070be00000, 0x000000070c000000|  0%| F|  |TAMS 0x000000070be00000, 0x000000070be00000| Untracked 
|  88|0x000000070c000000, 0x000000070c000000, 0x000000070c200000|  0%| F|  |TAMS 0x000000070c000000, 0x000000070c000000| Untracked 
|  89|0x000000070c200000, 0x000000070c200000, 0x000000070c400000|  0%| F|  |TAMS 0x000000070c200000, 0x000000070c200000| Untracked 
|  90|0x000000070c400000, 0x000000070c400000, 0x000000070c600000|  0%| F|  |TAMS 0x000000070c400000, 0x000000070c400000| Untracked 
|  91|0x000000070c600000, 0x000000070c600000, 0x000000070c800000|  0%| F|  |TAMS 0x000000070c600000, 0x000000070c600000| Untracked 
|  92|0x000000070c800000, 0x000000070c800000, 0x000000070ca00000|  0%| F|  |TAMS 0x000000070c800000, 0x000000070c800000| Untracked 
|  93|0x000000070ca00000, 0x000000070ca00000, 0x000000070cc00000|  0%| F|  |TAMS 0x000000070ca00000, 0x000000070ca00000| Untracked 
|  94|0x000000070cc00000, 0x000000070cc00000, 0x000000070ce00000|  0%| F|  |TAMS 0x000000070cc00000, 0x000000070cc00000| Untracked 
|  95|0x000000070ce00000, 0x000000070ce00000, 0x000000070d000000|  0%| F|  |TAMS 0x000000070ce00000, 0x000000070ce00000| Untracked 
|  96|0x000000070d000000, 0x000000070d000000, 0x000000070d200000|  0%| F|  |TAMS 0x000000070d000000, 0x000000070d000000| Untracked 
|  97|0x000000070d200000, 0x000000070d200000, 0x000000070d400000|  0%| F|  |TAMS 0x000000070d200000, 0x000000070d200000| Untracked 
|  98|0x000000070d400000, 0x000000070d400000, 0x000000070d600000|  0%| F|  |TAMS 0x000000070d400000, 0x000000070d400000| Untracked 
|  99|0x000000070d600000, 0x000000070d600000, 0x000000070d800000|  0%| F|  |TAMS 0x000000070d600000, 0x000000070d600000| Untracked 
| 100|0x000000070d800000, 0x000000070d800000, 0x000000070da00000|  0%| F|  |TAMS 0x000000070d800000, 0x000000070d800000| Untracked 
| 101|0x000000070da00000, 0x000000070da00000, 0x000000070dc00000|  0%| F|  |TAMS 0x000000070da00000, 0x000000070da00000| Untracked 
| 102|0x000000070dc00000, 0x000000070dc00000, 0x000000070de00000|  0%| F|  |TAMS 0x000000070dc00000, 0x000000070dc00000| Untracked 
| 103|0x000000070de00000, 0x000000070de00000, 0x000000070e000000|  0%| F|  |TAMS 0x000000070de00000, 0x000000070de00000| Untracked 
| 104|0x000000070e000000, 0x000000070e000000, 0x000000070e200000|  0%| F|  |TAMS 0x000000070e000000, 0x000000070e000000| Untracked 
| 105|0x000000070e200000, 0x000000070e3e0a00, 0x000000070e400000| 93%| E|CS|TAMS 0x000000070e200000, 0x000000070e3e0a00| Complete 
| 106|0x000000070e400000, 0x000000070e600000, 0x000000070e600000|100%| E|CS|TAMS 0x000000070e400000, 0x000000070e600000| Complete 
| 107|0x000000070e600000, 0x000000070e600000, 0x000000070e800000|  0%| F|  |TAMS 0x000000070e600000, 0x000000070e600000| Untracked 
| 108|0x000000070e800000, 0x000000070e800000, 0x000000070ea00000|  0%| F|  |TAMS 0x000000070e800000, 0x000000070e800000| Untracked 
| 109|0x000000070ea00000, 0x000000070ea00000, 0x000000070ec00000|  0%| F|  |TAMS 0x000000070ea00000, 0x000000070ea00000| Untracked 
| 110|0x000000070ec00000, 0x000000070ec00000, 0x000000070ee00000|  0%| F|  |TAMS 0x000000070ec00000, 0x000000070ec00000| Untracked 
| 111|0x000000070ee00000, 0x000000070ee00000, 0x000000070f000000|  0%| F|  |TAMS 0x000000070ee00000, 0x000000070ee00000| Untracked 
| 112|0x000000070f000000, 0x000000070f000000, 0x000000070f200000|  0%| F|  |TAMS 0x000000070f000000, 0x000000070f000000| Untracked 
| 113|0x000000070f200000, 0x000000070f200000, 0x000000070f400000|  0%| F|  |TAMS 0x000000070f200000, 0x000000070f200000| Untracked 
| 114|0x000000070f400000, 0x000000070f400000, 0x000000070f600000|  0%| F|  |TAMS 0x000000070f400000, 0x000000070f400000| Untracked 
| 115|0x000000070f600000, 0x000000070f600000, 0x000000070f800000|  0%| F|  |TAMS 0x000000070f600000, 0x000000070f600000| Untracked 
| 116|0x000000070f800000, 0x000000070f800000, 0x000000070fa00000|  0%| F|  |TAMS 0x000000070f800000, 0x000000070f800000| Untracked 
| 117|0x000000070fa00000, 0x000000070fa00000, 0x000000070fc00000|  0%| F|  |TAMS 0x000000070fa00000, 0x000000070fa00000| Untracked 
| 118|0x000000070fc00000, 0x000000070fc00000, 0x000000070fe00000|  0%| F|  |TAMS 0x000000070fc00000, 0x000000070fc00000| Untracked 
| 119|0x000000070fe00000, 0x000000070fe00000, 0x0000000710000000|  0%| F|  |TAMS 0x000000070fe00000, 0x000000070fe00000| Untracked 
| 120|0x0000000710000000, 0x0000000710000000, 0x0000000710200000|  0%| F|  |TAMS 0x0000000710000000, 0x0000000710000000| Untracked 
| 121|0x0000000710200000, 0x0000000710257060, 0x0000000710400000| 16%| S|  |TAMS 0x0000000710200000, 0x0000000710200000| Complete 
| 122|0x0000000710400000, 0x0000000710600000, 0x0000000710600000|100%| S|  |TAMS 0x0000000710400000, 0x0000000710400000| Complete 
| 123|0x0000000710600000, 0x0000000710800000, 0x0000000710800000|100%| S|  |TAMS 0x0000000710600000, 0x0000000710600000| Complete 
| 124|0x0000000710800000, 0x0000000710a00000, 0x0000000710a00000|100%| E|CS|TAMS 0x0000000710800000, 0x0000000710a00000| Complete 
| 125|0x0000000710a00000, 0x0000000710c00000, 0x0000000710c00000|100%| E|CS|TAMS 0x0000000710a00000, 0x0000000710c00000| Complete 
| 126|0x0000000710c00000, 0x0000000710e00000, 0x0000000710e00000|100%| E|CS|TAMS 0x0000000710c00000, 0x0000000710e00000| Complete 
| 127|0x0000000710e00000, 0x0000000711000000, 0x0000000711000000|100%| E|CS|TAMS 0x0000000710e00000, 0x0000000711000000| Complete 

Card table byte_map: [0x00000219d0950000,0x00000219d1150000] _byte_map_base: 0x00000219cd148000

Marking Bits (Prev, Next): (CMBitMap*) 0x00000219bd44af50, (CMBitMap*) 0x00000219bd44af90
 Prev Bits: [0x00000219d1950000, 0x00000219d5910000)
 Next Bits: [0x00000219d5910000, 0x00000219d98d0000)

Polling page: 0x00000219bb300000

Metaspace:

Usage:
  Non-class:     18.59 MB used.
      Class:      2.30 MB used.
       Both:     20.89 MB used.

Virtual space:
  Non-class space:       64.00 MB reserved,      18.62 MB ( 29%) committed,  1 nodes.
      Class space:        1.00 GB reserved,       2.38 MB ( <1%) committed,  1 nodes.
             Both:        1.06 GB reserved,      21.00 MB (  2%) committed. 

Chunk freelists:
   Non-Class:  12.50 MB
       Class:  13.53 MB
        Both:  26.03 MB

MaxMetaspaceSize: unlimited
CompressedClassSpaceSize: 1.00 GB
Initial GC threshold: 21.00 MB
Current GC threshold: 21.00 MB
CDS: off
MetaspaceReclaimPolicy: balanced
 - commit_granule_bytes: 65536.
 - commit_granule_words: 8192.
 - virtual_space_node_default_size: 8388608.
 - enlarge_chunks_in_place: 1.
 - new_chunks_are_fully_committed: 0.
 - uncommit_free_chunks: 1.
 - use_allocation_guard: 0.
 - handle_deallocations: 1.


Internal statistics:

num_allocs_failed_limit: 3.
num_arena_births: 56.
num_arena_deaths: 0.
num_vsnodes_births: 2.
num_vsnodes_deaths: 0.
num_space_committed: 336.
num_space_uncommitted: 0.
num_chunks_returned_to_freelist: 3.
num_chunks_taken_from_freelist: 507.
num_chunk_merges: 3.
num_chunk_splits: 420.
num_chunks_enlarged: 369.
num_inconsistent_stats: 0.

CodeHeap 'non-profiled nmethods': size=119168Kb used=615Kb max_used=615Kb free=118552Kb
 bounds [0x00000219c8460000, 0x00000219c86d0000, 0x00000219cf8c0000]
CodeHeap 'profiled nmethods': size=119104Kb used=4050Kb max_used=4050Kb free=115053Kb
 bounds [0x00000219c08c0000, 0x00000219c0cc0000, 0x00000219c7d10000]
CodeHeap 'non-nmethods': size=7488Kb used=2884Kb max_used=2931Kb free=4603Kb
 bounds [0x00000219c7d10000, 0x00000219c7ff0000, 0x00000219c8460000]
 total_blobs=2446 nmethods=1957 adapters=398
 compilation: enabled
              stopped_count=0, restarted_count=0
 full_count=0

Compilation events (20 events):
Event: 0.707 Thread 0x00000219dcbcf700 1949       3       java.util.HashMap::computeIfAbsent (330 bytes)
Event: 0.707 Thread 0x00000219dca72090 1950       3       org.jetbrains.kotlin.config.CompilerConfiguration::checkReadOnly (18 bytes)
Event: 0.707 Thread 0x00000219dcbd9c50 1951       3       org.jetbrains.kotlin.cli.common.config.ContentRootsKt::addKotlinSourceRoot (30 bytes)
Event: 0.707 Thread 0x00000219e1252e20 nmethod 1948 0x00000219c0cadf10 code [0x00000219c0cae0e0, 0x00000219c0cae778]
Event: 0.707 Thread 0x00000219e1252e20 1952       3       org.jetbrains.kotlin.cli.common.config.KotlinSourceRoot::<init> (26 bytes)
Event: 0.707 Thread 0x00000219dca72090 nmethod 1950 0x00000219c0cae910 code [0x00000219c0caeac0, 0x00000219c0caece8]
Event: 0.707 Thread 0x00000219dca72090 1953       3       org.jetbrains.kotlin.config.CompilerConfiguration::add (68 bytes)
Event: 0.708 Thread 0x00000219e1252e20 nmethod 1952 0x00000219c0caee10 code [0x00000219c0caf020, 0x00000219c0caf718]
Event: 0.708 Thread 0x00000219dca72090 nmethod 1953 0x00000219c0caf990 code [0x00000219c0cafbc0, 0x00000219c0cb0458]
Event: 0.708 Thread 0x00000219dcbd9c50 nmethod 1951 0x00000219c0cb0710 code [0x00000219c0cb0a40, 0x00000219c0cb1ba8]
Event: 0.708 Thread 0x00000219dcbcf700 nmethod 1949 0x00000219c0cb2210 code [0x00000219c0cb2520, 0x00000219c0cb3ba8]
Event: 0.708 Thread 0x00000219dcc69de0 1954 %     4       java.io.WinNTFileSystem::normalize @ 22 (143 bytes)
Event: 0.708 Thread 0x00000219e1548e90 nmethod 1925 0x00000219c84f6f10 code [0x00000219c84f7180, 0x00000219c84f8550]
Event: 0.709 Thread 0x00000219dcbd9c50 1955       1       org.jetbrains.kotlin.modules.JavaRootPath::component1 (5 bytes)
Event: 0.709 Thread 0x00000219e1252e20 1956       1       org.jetbrains.kotlin.modules.JavaRootPath::component2 (5 bytes)
Event: 0.709 Thread 0x00000219dcbd9c50 nmethod 1955 0x00000219c84f9190 code [0x00000219c84f9320, 0x00000219c84f93f8]
Event: 0.709 Thread 0x00000219e1252e20 nmethod 1956 0x00000219c84f9490 code [0x00000219c84f9620, 0x00000219c84f96f8]
Event: 0.709 Thread 0x00000219e1252e20 1957   !   3       java.io.WinNTFileSystem::isInvalid (78 bytes)
Event: 0.709 Thread 0x00000219e1252e20 nmethod 1957 0x00000219c0cb4190 code [0x00000219c0cb4380, 0x00000219c0cb47b8]
Event: 0.710 Thread 0x00000219dcc69de0 nmethod 1954% 0x00000219c84f9790 code [0x00000219c84f9920, 0x00000219c84f9c28]

GC Heap History (5 events):
Event: 0.299 GC heap before
{Heap before GC invocations=0 (full 0):
 garbage-first heap   total 262144K, used 24576K [0x0000000701000000, 0x0000000800000000)
  region size 2048K, 11 young (22528K), 0 survivors (0K)
 Metaspace       used 12362K, committed 12480K, reserved 1114112K
  class space    used 1163K, committed 1216K, reserved 1048576K
}
Event: 0.300 GC heap after
{Heap after GC invocations=1 (full 0):
 garbage-first heap   total 262144K, used 6698K [0x0000000701000000, 0x0000000800000000)
  region size 2048K, 2 young (4096K), 2 survivors (4096K)
 Metaspace       used 12362K, committed 12480K, reserved 1114112K
  class space    used 1163K, committed 1216K, reserved 1048576K
}
Event: 0.658 GC heap before
{Heap before GC invocations=1 (full 0):
 garbage-first heap   total 262144K, used 45610K [0x0000000701000000, 0x0000000800000000)
  region size 2048K, 21 young (43008K), 2 survivors (4096K)
 Metaspace       used 19917K, committed 20096K, reserved 1114112K
  class space    used 2132K, committed 2240K, reserved 1048576K
}
Event: 0.661 GC heap after
{Heap after GC invocations=2 (full 0):
 garbage-first heap   total 262144K, used 8066K [0x0000000701000000, 0x0000000800000000)
  region size 2048K, 2 young (4096K), 2 survivors (4096K)
 Metaspace       used 19917K, committed 20096K, reserved 1114112K
  class space    used 2132K, committed 2240K, reserved 1048576K
}
Event: 0.712 GC heap before
{Heap before GC invocations=2 (full 0):
 garbage-first heap   total 262144K, used 14210K [0x0000000701000000, 0x0000000800000000)
  region size 2048K, 6 young (12288K), 2 survivors (4096K)
 Metaspace       used 21387K, committed 21504K, reserved 1114112K
  class space    used 2353K, committed 2432K, reserved 1048576K
}

Dll operation events (1 events):
Event: 0.003 Loaded shared library E:\Android_studio\Android Iguana\jbr\bin\java.dll

Deoptimization events (20 events):
Event: 0.398 Thread 0x00000219bd3dd610 DEOPT PACKING pc=0x00000219c848a560 sp=0x000000ae592fc180
Event: 0.398 Thread 0x00000219bd3dd610 DEOPT UNPACKING pc=0x00000219c7d669a3 sp=0x000000ae592fc108 mode 2
Event: 0.432 Thread 0x00000219bd3dd610 Uncommon trap: trap_request=0xffffff45 fr.pc=0x00000219c8496b90 relative=0x0000000000000550
Event: 0.432 Thread 0x00000219bd3dd610 Uncommon trap: reason=unstable_if action=reinterpret pc=0x00000219c8496b90 method=java.util.ArrayList.grow(I)[Ljava/lang/Object; @ 17 c2
Event: 0.433 Thread 0x00000219bd3dd610 DEOPT PACKING pc=0x00000219c8496b90 sp=0x000000ae592fd9c0
Event: 0.433 Thread 0x00000219bd3dd610 DEOPT UNPACKING pc=0x00000219c7d669a3 sp=0x000000ae592fd848 mode 2
Event: 0.515 Thread 0x00000219bd3dd610 DEOPT PACKING pc=0x00000219c0bfcfb4 sp=0x000000ae592fdd10
Event: 0.515 Thread 0x00000219bd3dd610 DEOPT UNPACKING pc=0x00000219c7d67143 sp=0x000000ae592fd2e0 mode 0
Event: 0.561 Thread 0x00000219bd3dd610 Uncommon trap: trap_request=0xffffff45 fr.pc=0x00000219c84a95d8 relative=0x00000000000000b8
Event: 0.561 Thread 0x00000219bd3dd610 Uncommon trap: reason=unstable_if action=reinterpret pc=0x00000219c84a95d8 method=java.lang.Integer.valueOf(I)Ljava/lang/Integer; @ 3 c2
Event: 0.561 Thread 0x00000219bd3dd610 DEOPT PACKING pc=0x00000219c84a95d8 sp=0x000000ae592fc860
Event: 0.561 Thread 0x00000219bd3dd610 DEOPT UNPACKING pc=0x00000219c7d669a3 sp=0x000000ae592fc7f8 mode 2
Event: 0.664 Thread 0x00000219bd3dd610 Uncommon trap: trap_request=0xffffff54 fr.pc=0x00000219c84dbddc relative=0x000000000000029c
Event: 0.664 Thread 0x00000219bd3dd610 Uncommon trap: reason=speculate_null_assert action=make_not_entrant pc=0x00000219c84dbddc method=jdk.internal.loader.URLClassPath.getLoader(I)Ljdk/internal/loader/URLClassPath$Loader; @ 41 c2
Event: 0.664 Thread 0x00000219bd3dd610 DEOPT PACKING pc=0x00000219c84dbddc sp=0x000000ae592fda40
Event: 0.664 Thread 0x00000219bd3dd610 DEOPT UNPACKING pc=0x00000219c7d669a3 sp=0x000000ae592fd9e0 mode 2
Event: 0.664 Thread 0x00000219bd3dd610 Uncommon trap: trap_request=0xffffff45 fr.pc=0x00000219c84db85c relative=0x000000000000005c
Event: 0.664 Thread 0x00000219bd3dd610 Uncommon trap: reason=unstable_if action=reinterpret pc=0x00000219c84db85c method=jdk.internal.loader.URLClassPath$JarLoader.ensureOpen()V @ 4 c2
Event: 0.664 Thread 0x00000219bd3dd610 DEOPT PACKING pc=0x00000219c84db85c sp=0x000000ae592fd710
Event: 0.664 Thread 0x00000219bd3dd610 DEOPT UNPACKING pc=0x00000219c7d669a3 sp=0x000000ae592fd6a8 mode 2

Classes unloaded (0 events):
No events

Classes redefined (0 events):
No events

Internal exceptions (3 events):
Event: 0.496 Thread 0x00000219bd3dd610 Exception <a 'java/lang/NoSuchMethodError'{0x000000070fffd4f8}: 'java.lang.Object java.lang.invoke.DirectMethodHandle$Holder.newInvokeSpecial(java.lang.Object, java.lang.Object, java.lang.Object, java.lang.Object, java.lang.Object)'> (0x000000070fffd4f8) 
thrown [s\src\hotspot\share\interpreter\linkResolver.cpp, line 771]
Event: 0.602 Thread 0x00000219bd3dd610 Exception <a 'java/lang/NoSuchMethodError'{0x000000070eaf0698}: 'int java.lang.invoke.DirectMethodHandle$Holder.invokeVirtual(java.lang.Object, java.lang.Object, java.lang.Object)'> (0x000000070eaf0698) 
thrown [s\src\hotspot\share\interpreter\linkResolver.cpp, line 771]
Event: 0.608 Thread 0x00000219bd3dd610 Exception <a 'java/lang/NoSuchMethodError'{0x000000070eb6e1b8}: 'java.lang.Object java.lang.invoke.DirectMethodHandle$Holder.invokeStaticInit(java.lang.Object)'> (0x000000070eb6e1b8) 
thrown [s\src\hotspot\share\interpreter\linkResolver.cpp, line 771]

VM Operations (20 events):
Event: 0.235 Executing VM operation: HandshakeAllThreads done
Event: 0.299 Executing VM operation: G1CollectForAllocation
Event: 0.300 Executing VM operation: G1CollectForAllocation done
Event: 0.391 Executing VM operation: HandshakeAllThreads
Event: 0.391 Executing VM operation: HandshakeAllThreads done
Event: 0.441 Executing VM operation: ICBufferFull
Event: 0.441 Executing VM operation: ICBufferFull done
Event: 0.465 Executing VM operation: HandshakeAllThreads
Event: 0.465 Executing VM operation: HandshakeAllThreads done
Event: 0.515 Executing VM operation: HandshakeAllThreads
Event: 0.515 Executing VM operation: HandshakeAllThreads done
Event: 0.518 Executing VM operation: ICBufferFull
Event: 0.518 Executing VM operation: ICBufferFull done
Event: 0.577 Executing VM operation: HandshakeAllThreads
Event: 0.577 Executing VM operation: HandshakeAllThreads done
Event: 0.607 Executing VM operation: HandshakeAllThreads
Event: 0.607 Executing VM operation: HandshakeAllThreads done
Event: 0.658 Executing VM operation: G1CollectForAllocation
Event: 0.661 Executing VM operation: G1CollectForAllocation done
Event: 0.712 Executing VM operation: CollectForMetadataAllocation

Events (20 events):
Event: 0.697 loading class java/security/SecurityPermission
Event: 0.697 loading class java/security/SecurityPermission done
Event: 0.698 loading class java/net/SocketPermission
Event: 0.698 loading class java/net/SocketPermission done
Event: 0.698 loading class sun/util/logging/internal/LoggingProviderImpl$JULWrapper
Event: 0.698 loading class sun/util/logging/PlatformLogger$ConfigurableBridge$LoggerConfiguration
Event: 0.698 loading class sun/util/logging/PlatformLogger$ConfigurableBridge$LoggerConfiguration done
Event: 0.698 loading class sun/util/logging/internal/LoggingProviderImpl$JULWrapper done
Event: 0.698 loading class java/io/ObjectInputFilter
Event: 0.698 loading class java/io/ObjectInputFilter done
Event: 0.699 loading class java/io/ObjectInputFilter$Config$BuiltinFilterFactory
Event: 0.699 loading class java/io/ObjectInputFilter$Config$BuiltinFilterFactory done
Event: 0.699 loading class jdk/internal/access/JavaObjectInputFilterAccess
Event: 0.699 loading class jdk/internal/access/JavaObjectInputFilterAccess done
Event: 0.699 loading class java/lang/System$Logger$Level
Event: 0.699 loading class java/lang/System$Logger$Level done
Event: 0.699 loading class java/io/Bits
Event: 0.699 loading class java/io/Bits done
Event: 0.711 loading class java/lang/AbstractMethodError
Event: 0.711 loading class java/lang/AbstractMethodError done


Dynamic libraries:
0x00007ff7214a0000 - 0x00007ff7214aa000 	E:\Android_studio\Android Iguana\jbr\bin\java.exe
0x00007ffe62ad0000 - 0x00007ffe62cc8000 	C:\Windows\SYSTEM32\ntdll.dll
0x00007ffe61be0000 - 0x00007ffe61ca1000 	C:\Windows\System32\KERNEL32.DLL
0x00007ffe60220000 - 0x00007ffe6051d000 	C:\Windows\System32\KERNELBASE.dll
0x00007ffe60550000 - 0x00007ffe60650000 	C:\Windows\System32\ucrtbase.dll
0x00007ffe3b7a0000 - 0x00007ffe3b7b7000 	E:\Android_studio\Android Iguana\jbr\bin\jli.dll
0x00007ffe343e0000 - 0x00007ffe343fb000 	E:\Android_studio\Android Iguana\jbr\bin\VCRUNTIME140.dll
0x00007ffe622f0000 - 0x00007ffe6248d000 	C:\Windows\System32\USER32.dll
0x00007ffe60520000 - 0x00007ffe60542000 	C:\Windows\System32\win32u.dll
0x00007ffe5f540000 - 0x00007ffe5f7da000 	C:\Windows\WinSxS\amd64_microsoft.windows.common-controls_6595b64144ccf1df_6.0.19041.4355_none_60b8b9eb71f62e16\COMCTL32.dll
0x00007ffe61660000 - 0x00007ffe6168b000 	C:\Windows\System32\GDI32.dll
0x00007ffe621b0000 - 0x00007ffe6224e000 	C:\Windows\System32\msvcrt.dll
0x00007ffe608f0000 - 0x00007ffe60a07000 	C:\Windows\System32\gdi32full.dll
0x00007ffe60180000 - 0x00007ffe6021d000 	C:\Windows\System32\msvcp_win.dll
0x00007ffe61b50000 - 0x00007ffe61b7f000 	C:\Windows\System32\IMM32.DLL
0x00007ffe42770000 - 0x00007ffe4277c000 	E:\Android_studio\Android Iguana\jbr\bin\vcruntime140_1.dll
0x00007ffdec250000 - 0x00007ffdec2dd000 	E:\Android_studio\Android Iguana\jbr\bin\msvcp140.dll
0x00007ffdc1b40000 - 0x00007ffdc27c3000 	E:\Android_studio\Android Iguana\jbr\bin\server\jvm.dll
0x00007ffe617d0000 - 0x00007ffe61880000 	C:\Windows\System32\ADVAPI32.dll
0x00007ffe62250000 - 0x00007ffe622f0000 	C:\Windows\System32\sechost.dll
0x00007ffe61d10000 - 0x00007ffe61e33000 	C:\Windows\System32\RPCRT4.dll
0x00007ffe60ad0000 - 0x00007ffe60af7000 	C:\Windows\System32\bcrypt.dll
0x00007ffe5fd70000 - 0x00007ffe5fdbb000 	C:\Windows\SYSTEM32\POWRPROF.dll
0x00007ffe3b500000 - 0x00007ffe3b509000 	C:\Windows\SYSTEM32\WSOCK32.dll
0x00007ffe53640000 - 0x00007ffe53667000 	C:\Windows\SYSTEM32\WINMM.dll
0x00007ffe61880000 - 0x00007ffe618eb000 	C:\Windows\System32\WS2_32.dll
0x00007ffe5a6b0000 - 0x00007ffe5a6ba000 	C:\Windows\SYSTEM32\VERSION.dll
0x00007ffe5f7e0000 - 0x00007ffe5f7f2000 	C:\Windows\SYSTEM32\UMPDC.dll
0x00007ffe5d9a0000 - 0x00007ffe5d9b2000 	C:\Windows\SYSTEM32\kernel.appcore.dll
0x00007ffe42190000 - 0x00007ffe4219a000 	E:\Android_studio\Android Iguana\jbr\bin\jimage.dll
0x00007ffe5fb80000 - 0x00007ffe5fd64000 	C:\Windows\SYSTEM32\DBGHELP.DLL
0x00007ffe5f910000 - 0x00007ffe5f944000 	C:\Windows\SYSTEM32\dbgcore.DLL
0x00007ffe60650000 - 0x00007ffe606d2000 	C:\Windows\System32\bcryptPrimitives.dll
0x00007ffe13dd0000 - 0x00007ffe13df5000 	E:\Android_studio\Android Iguana\jbr\bin\java.dll
0x00007ffe342e0000 - 0x00007ffe342f8000 	E:\Android_studio\Android Iguana\jbr\bin\zip.dll
0x00007ffe60ed0000 - 0x00007ffe6163f000 	C:\Windows\System32\SHELL32.dll
0x00007ffe5dba0000 - 0x00007ffe5e343000 	C:\Windows\SYSTEM32\windows.storage.dll
0x00007ffe61e40000 - 0x00007ffe62193000 	C:\Windows\System32\combase.dll
0x00007ffe5f4a0000 - 0x00007ffe5f4ce000 	C:\Windows\SYSTEM32\Wldp.dll
0x00007ffe61a80000 - 0x00007ffe61b4d000 	C:\Windows\System32\OLEAUT32.dll
0x00007ffe61690000 - 0x00007ffe6173d000 	C:\Windows\System32\SHCORE.dll
0x00007ffe60e60000 - 0x00007ffe60eb5000 	C:\Windows\System32\shlwapi.dll
0x00007ffe600b0000 - 0x00007ffe600d4000 	C:\Windows\SYSTEM32\profapi.dll
0x00007ffe2e310000 - 0x00007ffe2e329000 	E:\Android_studio\Android Iguana\jbr\bin\net.dll
0x00007ffe595d0000 - 0x00007ffe596dd000 	C:\Windows\SYSTEM32\WINHTTP.dll
0x00007ffe5f180000 - 0x00007ffe5f1ea000 	C:\Windows\system32\mswsock.dll
0x00007ffe29400000 - 0x00007ffe29416000 	E:\Android_studio\Android Iguana\jbr\bin\nio.dll

dbghelp: loaded successfully - version: 4.0.5 - missing functions: none
symbol engine: initialized successfully - sym options: 0x614 - pdb path: .;E:\Android_studio\Android Iguana\jbr\bin;C:\Windows\SYSTEM32;C:\Windows\WinSxS\amd64_microsoft.windows.common-controls_6595b64144ccf1df_6.0.19041.4355_none_60b8b9eb71f62e16;E:\Android_studio\Android Iguana\jbr\bin\server

VM Arguments:
java_command: org.jetbrains.kotlin.cli.jvm.K2JVMCompiler @E:\Locker\Source\LockDEV\app\build\20240928_16961512077649102939.compiler.options
java_class_path (initial): C:\Users\TrungKienPC\.gradle\caches\modules-2\files-2.1\org.jetbrains.kotlin\kotlin-compiler-embeddable\1.9.0\2c8c3a7402becca891f12739b3e9fd2dc2adbd7a\kotlin-compiler-embeddable-1.9.0.jar;C:\Users\TrungKienPC\.gradle\caches\modules-2\files-2.1\org.jetbrains.kotlin\kotlin-stdlib\1.9.0\8ee15ef0c67dc83d874f412d84378d7f0eb50b63\kotlin-stdlib-1.9.0.jar;C:\Users\TrungKienPC\.gradle\caches\modules-2\files-2.1\org.jetbrains.kotlin\kotlin-script-runtime\1.9.0\4b3102cbbb7e1b58d9d1adf89563f00069ffa7d1\kotlin-script-runtime-1.9.0.jar;C:\Users\TrungKienPC\.gradle\caches\modules-2\files-2.1\org.jetbrains.kotlin\kotlin-reflect\1.6.10\1cbe9c92c12a94eea200d23c2bbaedaf3daf5132\kotlin-reflect-1.6.10.jar;C:\Users\TrungKienPC\.gradle\caches\modules-2\files-2.1\org.jetbrains.kotlin\kotlin-daemon-embeddable\1.9.0\186543f5e28cf8d9a0290fecc2cf34301c40a65c\kotlin-daemon-embeddable-1.9.0.jar;C:\Users\TrungKienPC\.gradle\caches\modules-2\files-2.1\org.jetbrains.intellij.deps\trove4j\1.0.20200330\3afb14d5f9ceb459d724e907a21145e8ff394f02\trove4j-1.0.20200330.jar;C:\Users\TrungKienPC\.gradle\caches\modules-2\files-2.1\org.jetbrains.kotlin\kotlin-stdlib-common\1.9.0\cd65c21cfd1eec4d44ef09f9f52b6d9f8a720636\kotlin-stdlib-common-1.9.0.jar;C:\Users\TrungKienPC\.gradle\caches\modules-2\files-2.1\org.jetbrains\annotations\13.0\919f0dfe192fb4e063e7dacadee7f8bb9a2672a9\annotations-13.0.jar
Launcher Type: SUN_STANDARD

[Global flags]
     intx CICompilerCount                          = 12                                        {product} {ergonomic}
     uint ConcGCThreads                            = 3                                         {product} {ergonomic}
     uint G1ConcRefinementThreads                  = 13                                        {product} {ergonomic}
   size_t G1HeapRegionSize                         = 2097152                                   {product} {ergonomic}
    uintx GCDrainStackTargetSize                   = 64                                        {product} {ergonomic}
   size_t InitialHeapSize                          = 268435456                                 {product} {ergonomic}
   size_t MarkStackSize                            = 4194304                                   {product} {ergonomic}
   size_t MaxHeapSize                              = 4278190080                                {product} {ergonomic}
   size_t MaxNewSize                               = 2566914048                                {product} {ergonomic}
   size_t MinHeapDeltaBytes                        = 2097152                                   {product} {ergonomic}
   size_t MinHeapSize                              = 8388608                                   {product} {ergonomic}
    uintx NonNMethodCodeHeapSize                   = 7602480                                {pd product} {ergonomic}
    uintx NonProfiledCodeHeapSize                  = 122027880                              {pd product} {ergonomic}
    uintx ProfiledCodeHeapSize                     = 122027880                              {pd product} {ergonomic}
    uintx ReservedCodeCacheSize                    = 251658240                              {pd product} {ergonomic}
     bool SegmentedCodeCache                       = true                                      {product} {ergonomic}
   size_t SoftMaxHeapSize                          = 4278190080                             {manageable} {ergonomic}
     bool UseCompressedClassPointers               = true                           {product lp64_product} {ergonomic}
     bool UseCompressedOops                        = true                           {product lp64_product} {ergonomic}
     bool UseG1GC                                  = true                                      {product} {ergonomic}
     bool UseLargePagesIndividualAllocation        = false                                  {pd product} {ergonomic}

Logging:
Log output configuration:
 #0: stdout all=warning uptime,level,tags
 #1: stderr all=off uptime,level,tags

Environment Variables:
JAVA_HOME=C:\Program Files\Java\jdk-17
PATH=C:\Windows\system32;C:\Windows;C:\Windows\System32\Wbem;C:\Windows\System32\WindowsPowerShell\v1.0\;C:\Windows\System32\OpenSSH\;C:\Program Files\NVIDIA Corporation\NVIDIA NvDLISR;C:\Program Files (x86)\NVIDIA Corporation\PhysX\Common;C:\Program Files\Git\cmd;C:\Users\TrungKienPC\AppData\Roaming\nvm;C:\Program Files\nodejs;E:\Android_studio\SDK\platform-tools;C:\Program Files\dotnet\;E:\Android_studio\SDK\tools;C:\Users\TrungKienPC\AppData\Local\jdk-11.0.2\bin;C:\Users\TrungKienPC\AppData\Local\Microsoft\WindowsApps;E:\flutter\bin;E:\Visual code\Microsoft VS Code\bin;C:\Users\TrungKienPC\AppData\Roaming\npm;C:\Users\TrungKienPC\AppData\Roaming\nvm;C:\Program Files\nodejs;E:\Android_studio\SDK\platform-tools;C:\Users\TrungKienPC\.dotnet\tools
USERNAME=TrungKienPC
OS=Windows_NT
PROCESSOR_IDENTIFIER=Intel64 Family 6 Model 158 Stepping 13, GenuineIntel
TMP=C:\Users\TRUNGK~1\AppData\Local\Temp
TEMP=C:\Users\TRUNGK~1\AppData\Local\Temp



Periodic native trim disabled

JNI global refs:
JNI global refs: 16, weak refs: 0

JNI global refs memory usage: 843, weak refs: 841

OOME stack traces (most recent first):
Classloader memory used:
Loader jdk.internal.loader.ClassLoaders$AppClassLoader                                 : 1479K
Loader bootstrap                                                                       : 1174K
Loader java.net.URLClassLoader                                                         : 12576B
Loader jdk.internal.reflect.DelegatingClassLoader                                      : 4929B
Loader jdk.internal.loader.ClassLoaders$PlatformClassLoader                            : 2276B


---------------  S Y S T E M  ---------------

OS:
 Windows 10 , 64 bit Build 19041 (10.0.19041.4842)
OS uptime: 0 days 15:27 hours

CPU: total 16 (initial active 16) (8 cores per cpu, 2 threads per core) family 6 model 158 stepping 13 microcode 0xde, cx8, cmov, fxsr, ht, mmx, 3dnowpref, sse, sse2, sse3, ssse3, sse4.1, sse4.2, popcnt, lzcnt, tsc, tscinvbit, avx, avx2, aes, erms, clmul, bmi1, bmi2, adx, fma, vzeroupper, clflush, clflushopt
Processor Information for all 16 processors :
  Max Mhz: 3096, Current Mhz: 3096, Mhz Limit: 3096

Memory: 4k page, system-wide physical 16316M (4798M free)
TotalPageFile size 34508M (AvailPageFile size 19462M)
current process WorkingSet (physical memory assigned to process): 124M, peak: 124M
current process commit charge ("private bytes"): 388M, peak: 389M

vm_info: OpenJDK 64-Bit Server VM (17.0.9+0--11185874) for windows-amd64 JRE (17.0.9+0--11185874), built on Dec  6 2023 18:57:44 by "androidbuild" with MS VC++ 16.10 / 16.11 (VS2019)

END.
